<?xml version="1.0" encoding="UTF-8"?>
<testsuite name="com.kodilla.patterns2.KodillaPatterns2ApplicationTests" tests="1" skipped="0" failures="0" errors="0" timestamp="2023-06-06T14:25:00" hostname="macbook-air.home" time="0.161">
  <properties/>
  <testcase name="contextLoads()" classname="com.kodilla.patterns2.KodillaPatterns2ApplicationTests" time="0.161"/>
  <system-out><![CDATA[16:25:00.050 [Test worker] DEBUG org.springframework.boot.test.context.SpringBootTestContextBootstrapper -- Neither @ContextConfiguration nor @ContextHierarchy found for test class [KodillaPatterns2ApplicationTests]: using SpringBootContextLoader
16:25:00.053 [Test worker] DEBUG org.springframework.test.context.support.AbstractContextLoader -- Could not detect default resource locations for test class [com.kodilla.patterns2.KodillaPatterns2ApplicationTests]: no resource found for suffixes {-context.xml, Context.groovy}.
16:25:00.053 [Test worker] INFO org.springframework.test.context.support.AnnotationConfigContextLoaderUtils -- Could not detect default configuration classes for test class [com.kodilla.patterns2.KodillaPatterns2ApplicationTests]: KodillaPatterns2ApplicationTests does not declare any static, non-private, non-final, nested classes annotated with @Configuration.
16:25:00.061 [Test worker] DEBUG org.springframework.boot.test.context.SpringBootTestContextBootstrapper -- Using ContextCustomizers for test class [KodillaPatterns2ApplicationTests]: [DisableObservabilityContextCustomizer, PropertyMappingContextCustomizer, Customizer, ExcludeFilterContextCustomizer, DuplicateJsonObjectContextCustomizer, MockitoContextCustomizer, TestRestTemplateContextCustomizer]
16:25:00.091 [Test worker] DEBUG org.springframework.context.annotation.ClassPathScanningCandidateComponentProvider -- Identified candidate component class: file [/Users/przemyslawpietrasz/Desktop/DEVJava/kodilla-course/kodilla-patterns2/build/classes/java/main/com/kodilla/patterns2/KodillaPatterns2Application.class]
16:25:00.091 [Test worker] INFO org.springframework.boot.test.context.SpringBootTestContextBootstrapper -- Found @SpringBootConfiguration com.kodilla.patterns2.KodillaPatterns2Application for test class com.kodilla.patterns2.KodillaPatterns2ApplicationTests
16:25:00.119 [Test worker] DEBUG org.springframework.test.context.util.TestContextSpringFactoriesUtils -- Skipping candidate TestExecutionListener [org.springframework.test.context.web.ServletTestExecutionListener] due to a missing dependency. Specify custom TestExecutionListener classes or make the default TestExecutionListener classes and their required dependencies available. Offending class: [jakarta/servlet/ServletContext]
16:25:00.121 [Test worker] DEBUG org.springframework.test.context.util.TestContextSpringFactoriesUtils -- Skipping candidate TestExecutionListener [org.springframework.test.context.transaction.TransactionalTestExecutionListener] due to a missing dependency. Specify custom TestExecutionListener classes or make the default TestExecutionListener classes and their required dependencies available. Offending class: [org/springframework/transaction/TransactionDefinition]
16:25:00.122 [Test worker] DEBUG org.springframework.test.context.util.TestContextSpringFactoriesUtils -- Skipping candidate TestExecutionListener [org.springframework.test.context.jdbc.SqlScriptsTestExecutionListener] due to a missing dependency. Specify custom TestExecutionListener classes or make the default TestExecutionListener classes and their required dependencies available. Offending class: [org/springframework/transaction/interceptor/TransactionAttribute]
16:25:00.122 [Test worker] DEBUG org.springframework.boot.test.context.SpringBootTestContextBootstrapper -- Using TestExecutionListeners for test class [KodillaPatterns2ApplicationTests]: [DirtiesContextBeforeModesTestExecutionListener, ApplicationEventsTestExecutionListener, MockitoTestExecutionListener, DependencyInjectionTestExecutionListener, DirtiesContextTestExecutionListener, EventPublishingTestExecutionListener, RestDocsTestExecutionListener, MockRestServiceServerResetTestExecutionListener, MockMvcPrintOnlyOnFailureTestExecutionListener, WebDriverTestExecutionListener, MockWebServiceServerTestExecutionListener, ResetMocksTestExecutionListener]
16:25:00.123 [Test worker] DEBUG org.springframework.test.context.support.AbstractDirtiesContextTestExecutionListener -- Before test class: class [KodillaPatterns2ApplicationTests], class annotated with @DirtiesContext [false] with mode [null]
16:25:00.127 [Test worker] DEBUG org.springframework.test.context.support.DependencyInjectionTestExecutionListener -- Performing dependency injection for test class com.kodilla.patterns2.KodillaPatterns2ApplicationTests

  .   ____          _            __ _ _
 /\\ / ___'_ __ _ _(_)_ __  __ _ \ \ \ \
( ( )\___ | '_ | '_| | '_ \/ _` | \ \ \ \
 \\/  ___)| |_)| | | | | || (_| |  ) ) ) )
  '  |____| .__|_| |_|_| |_\__, | / / / /
 =========|_|==============|___/=/_/_/_/
 :: Spring Boot ::                (v3.0.5)

2023-06-06T16:25:00.216+02:00  INFO 6899 --- [    Test worker] c.k.p.KodillaPatterns2ApplicationTests   : Starting KodillaPatterns2ApplicationTests using Java 19.0.1 with PID 6899 (started by przemyslawpietrasz in /Users/przemyslawpietrasz/Desktop/DEVJava/kodilla-course/kodilla-patterns2)
2023-06-06T16:25:00.217+02:00  INFO 6899 --- [    Test worker] c.k.p.KodillaPatterns2ApplicationTests   : No active profile set, falling back to 1 default profile: "default"
2023-06-06T16:25:00.394+02:00  INFO 6899 --- [    Test worker] c.k.p.KodillaPatterns2ApplicationTests   : Started KodillaPatterns2ApplicationTests in 0.256 seconds (process running for 0.678)
]]></system-out>
  <system-err><![CDATA[]]></system-err>
</testsuite>
