<?xml version="1.0" encoding="UTF-8"?>
<testsuite name="com.kodilla.patterns2.ShopServiceTestSuite" tests="1" skipped="0" failures="0" errors="0" timestamp="2023-06-06T14:25:00" hostname="macbook-air.home" time="0.002">
  <properties/>
  <testcase name="testShopServiceSubmitOrder()" classname="com.kodilla.patterns2.ShopServiceTestSuite" time="0.002"/>
  <system-out><![CDATA[2023-06-06T16:25:00.560+02:00  INFO 6899 --- [    Test worker] t.c.s.AnnotationConfigContextLoaderUtils : Could not detect default configuration classes for test class [com.kodilla.patterns2.ShopServiceTestSuite]: ShopServiceTestSuite does not declare any static, non-private, non-final, nested classes annotated with @Configuration.
2023-06-06T16:25:00.561+02:00  INFO 6899 --- [    Test worker] .b.t.c.SpringBootTestContextBootstrapper : Found @SpringBootConfiguration com.kodilla.patterns2.KodillaPatterns2Application for test class com.kodilla.patterns2.ShopServiceTestSuite
Registering new order, ID: -1
Access denied. User is not authenticated.
]]></system-out>
  <system-err><![CDATA[]]></system-err>
</testsuite>
